<?xml version='1.0' encoding='UTF-8'?>
<project>
    <actions/>
    <description/>
    <keepDependencies>false</keepDependencies>
    <properties/>
    <scm class="hudson.plugins.git.GitSCM" plugin="git@3.3.0">
        <configVersion>2</configVersion>
        <userRemoteConfigs>
            <hudson.plugins.git.UserRemoteConfig>
                <url>http://example.org/my_git_repo.git</url>
            </hudson.plugins.git.UserRemoteConfig>
        </userRemoteConfigs>
        <branches>
            <hudson.plugins.git.BranchSpec>
                <name>*/master</name>
            </hudson.plugins.git.BranchSpec>
        </branches>
        <doGenerateSubmoduleConfigurations>false</doGenerateSubmoduleConfigurations>
        <submoduleCfg class="list"/>
        <extensions/>
    </scm>
    <canRoam>true</canRoam>
    <disabled>false</disabled>
    <blockBuildWhenDownstreamBuilding>false</blockBuildWhenDownstreamBuilding>
    <blockBuildWhenUpstreamBuilding>false</blockBuildWhenUpstreamBuilding>
    <triggers/>
    <concurrentBuild>false</concurrentBuild>
    <builders/>
    <publishers>
        <hudson.tasks.junit.JUnitResultArchiver plugin="junit@1.20">
            <testResults>build/junit.xml</testResults>
            <keepLongStdio>false</keepLongStdio>
            <healthScaleFactor>1.0</healthScaleFactor>
            <allowEmptyResults>false</allowEmptyResults>
        </hudson.tasks.junit.JUnitResultArchiver>
    </publishers>
    <buildWrappers/>
</project>
